<?xml version="1.0" encoding="UTF-8"?>
<!-- Generated by org.testng.reporters.JUnitReportReporter -->
<testsuite hostname="BS" failures="0" tests="1" name="Java.test1" time="0.012" errors="0" timestamp="2025-05-12T16:07:08 IST" skipped="0">
  <testcase classname="Java.test1" name="test" time="0.012"/>
</testsuite> <!-- Java.test1 -->
