<?xml version="1.0" encoding="UTF-8"?>
<!-- Generated by org.testng.reporters.JUnitReportReporter -->
<testsuite hostname="BS" failures="0" tests="2" name="TestNG.javaStreams" time="0.015" errors="0" timestamp="2025-05-12T16:48:07 IST" skipped="0">
  <testcase classname="TestNG.javaStreams" name="test" time="0.002"/>
  <testcase classname="TestNG.javaStreams" name="streamFilter" time="0.013"/>
</testsuite> <!-- TestNG.javaStreams -->
